  Etapa3.cpp
D:\FACULTATE\Anul II CSIE\Sem I\POO\Proiect individual\Proiect individual\Proiect individual\Etapa3.cpp(42,3): warning C4996: 'strcpy': This function or variable may be unsafe. Consider using strcpy_s instead. To disable deprecation, use _CRT_SECURE_NO_WARNINGS. See online help for details.
D:\FACULTATE\Anul II CSIE\Sem I\POO\Proiect individual\Proiect individual\Proiect individual\Etapa3.cpp(139,4): warning C4996: 'strcpy': This function or variable may be unsafe. Consider using strcpy_s instead. To disable deprecation, use _CRT_SECURE_NO_WARNINGS. See online help for details.
D:\FACULTATE\Anul II CSIE\Sem I\POO\Proiect individual\Proiect individual\Proiect individual\Etapa3.cpp(143,4): warning C4996: 'strcpy': This function or variable may be unsafe. Consider using strcpy_s instead. To disable deprecation, use _CRT_SECURE_NO_WARNINGS. See online help for details.
D:\FACULTATE\Anul II CSIE\Sem I\POO\Proiect individual\Proiect individual\Proiect individual\Etapa3.cpp(179,3): warning C4996: 'strcpy': This function or variable may be unsafe. Consider using strcpy_s instead. To disable deprecation, use _CRT_SECURE_NO_WARNINGS. See online help for details.
D:\FACULTATE\Anul II CSIE\Sem I\POO\Proiect individual\Proiect individual\Proiect individual\Etapa3.cpp(186,4): warning C4996: 'strcpy': This function or variable may be unsafe. Consider using strcpy_s instead. To disable deprecation, use _CRT_SECURE_NO_WARNINGS. See online help for details.
D:\FACULTATE\Anul II CSIE\Sem I\POO\Proiect individual\Proiect individual\Proiect individual\Etapa3.cpp(190,4): warning C4996: 'strcpy': This function or variable may be unsafe. Consider using strcpy_s instead. To disable deprecation, use _CRT_SECURE_NO_WARNINGS. See online help for details.
D:\FACULTATE\Anul II CSIE\Sem I\POO\Proiect individual\Proiect individual\Proiect individual\Etapa3.cpp(217,4): warning C4996: 'strcpy': This function or variable may be unsafe. Consider using strcpy_s instead. To disable deprecation, use _CRT_SECURE_NO_WARNINGS. See online help for details.
D:\FACULTATE\Anul II CSIE\Sem I\POO\Proiect individual\Proiect individual\Proiect individual\Etapa3.cpp(221,4): warning C4996: 'strcpy': This function or variable may be unsafe. Consider using strcpy_s instead. To disable deprecation, use _CRT_SECURE_NO_WARNINGS. See online help for details.
D:\FACULTATE\Anul II CSIE\Sem I\POO\Proiect individual\Proiect individual\Proiect individual\Etapa3.cpp(251,5): warning C4996: 'strcpy': This function or variable may be unsafe. Consider using strcpy_s instead. To disable deprecation, use _CRT_SECURE_NO_WARNINGS. See online help for details.
D:\FACULTATE\Anul II CSIE\Sem I\POO\Proiect individual\Proiect individual\Proiect individual\Etapa3.cpp(255,5): warning C4996: 'strcpy': This function or variable may be unsafe. Consider using strcpy_s instead. To disable deprecation, use _CRT_SECURE_NO_WARNINGS. See online help for details.
D:\FACULTATE\Anul II CSIE\Sem I\POO\Proiect individual\Proiect individual\Proiect individual\Etapa3.cpp(477,4): warning C4996: 'strcpy': This function or variable may be unsafe. Consider using strcpy_s instead. To disable deprecation, use _CRT_SECURE_NO_WARNINGS. See online help for details.
D:\FACULTATE\Anul II CSIE\Sem I\POO\Proiect individual\Proiect individual\Proiect individual\Etapa3.cpp(482,4): warning C4996: 'strcpy': This function or variable may be unsafe. Consider using strcpy_s instead. To disable deprecation, use _CRT_SECURE_NO_WARNINGS. See online help for details.
D:\FACULTATE\Anul II CSIE\Sem I\POO\Proiect individual\Proiect individual\Proiect individual\Etapa3.cpp(540,3): warning C4996: 'strcpy': This function or variable may be unsafe. Consider using strcpy_s instead. To disable deprecation, use _CRT_SECURE_NO_WARNINGS. See online help for details.
D:\FACULTATE\Anul II CSIE\Sem I\POO\Proiect individual\Proiect individual\Proiect individual\Etapa3.cpp(547,4): warning C4996: 'strcpy': This function or variable may be unsafe. Consider using strcpy_s instead. To disable deprecation, use _CRT_SECURE_NO_WARNINGS. See online help for details.
D:\FACULTATE\Anul II CSIE\Sem I\POO\Proiect individual\Proiect individual\Proiect individual\Etapa3.cpp(551,4): warning C4996: 'strcpy': This function or variable may be unsafe. Consider using strcpy_s instead. To disable deprecation, use _CRT_SECURE_NO_WARNINGS. See online help for details.
D:\FACULTATE\Anul II CSIE\Sem I\POO\Proiect individual\Proiect individual\Proiect individual\Etapa3.cpp(578,4): warning C4996: 'strcpy': This function or variable may be unsafe. Consider using strcpy_s instead. To disable deprecation, use _CRT_SECURE_NO_WARNINGS. See online help for details.
D:\FACULTATE\Anul II CSIE\Sem I\POO\Proiect individual\Proiect individual\Proiect individual\Etapa3.cpp(582,4): warning C4996: 'strcpy': This function or variable may be unsafe. Consider using strcpy_s instead. To disable deprecation, use _CRT_SECURE_NO_WARNINGS. See online help for details.
D:\FACULTATE\Anul II CSIE\Sem I\POO\Proiect individual\Proiect individual\Proiect individual\Etapa3.cpp(614,5): warning C4996: 'strcpy': This function or variable may be unsafe. Consider using strcpy_s instead. To disable deprecation, use _CRT_SECURE_NO_WARNINGS. See online help for details.
D:\FACULTATE\Anul II CSIE\Sem I\POO\Proiect individual\Proiect individual\Proiect individual\Etapa3.cpp(618,5): warning C4996: 'strcpy': This function or variable may be unsafe. Consider using strcpy_s instead. To disable deprecation, use _CRT_SECURE_NO_WARNINGS. See online help for details.
D:\FACULTATE\Anul II CSIE\Sem I\POO\Proiect individual\Proiect individual\Proiect individual\Etapa3.cpp(898,4): warning C4996: 'strcpy': This function or variable may be unsafe. Consider using strcpy_s instead. To disable deprecation, use _CRT_SECURE_NO_WARNINGS. See online help for details.
D:\FACULTATE\Anul II CSIE\Sem I\POO\Proiect individual\Proiect individual\Proiect individual\Etapa3.cpp(903,4): warning C4996: 'strcpy': This function or variable may be unsafe. Consider using strcpy_s instead. To disable deprecation, use _CRT_SECURE_NO_WARNINGS. See online help for details.
D:\FACULTATE\Anul II CSIE\Sem I\POO\Proiect individual\Proiect individual\Proiect individual\Etapa3.cpp(977,3): warning C4996: 'strcpy': This function or variable may be unsafe. Consider using strcpy_s instead. To disable deprecation, use _CRT_SECURE_NO_WARNINGS. See online help for details.
D:\FACULTATE\Anul II CSIE\Sem I\POO\Proiect individual\Proiect individual\Proiect individual\Etapa3.cpp(988,4): warning C4996: 'strcpy': This function or variable may be unsafe. Consider using strcpy_s instead. To disable deprecation, use _CRT_SECURE_NO_WARNINGS. See online help for details.
D:\FACULTATE\Anul II CSIE\Sem I\POO\Proiect individual\Proiect individual\Proiect individual\Etapa3.cpp(992,4): warning C4996: 'strcpy': This function or variable may be unsafe. Consider using strcpy_s instead. To disable deprecation, use _CRT_SECURE_NO_WARNINGS. See online help for details.
D:\FACULTATE\Anul II CSIE\Sem I\POO\Proiect individual\Proiect individual\Proiect individual\Etapa3.cpp(1030,4): warning C4996: 'strcpy': This function or variable may be unsafe. Consider using strcpy_s instead. To disable deprecation, use _CRT_SECURE_NO_WARNINGS. See online help for details.
D:\FACULTATE\Anul II CSIE\Sem I\POO\Proiect individual\Proiect individual\Proiect individual\Etapa3.cpp(1034,4): warning C4996: 'strcpy': This function or variable may be unsafe. Consider using strcpy_s instead. To disable deprecation, use _CRT_SECURE_NO_WARNINGS. See online help for details.
D:\FACULTATE\Anul II CSIE\Sem I\POO\Proiect individual\Proiect individual\Proiect individual\Etapa3.cpp(1073,5): warning C4996: 'strcpy': This function or variable may be unsafe. Consider using strcpy_s instead. To disable deprecation, use _CRT_SECURE_NO_WARNINGS. See online help for details.
D:\FACULTATE\Anul II CSIE\Sem I\POO\Proiect individual\Proiect individual\Proiect individual\Etapa3.cpp(1077,5): warning C4996: 'strcpy': This function or variable may be unsafe. Consider using strcpy_s instead. To disable deprecation, use _CRT_SECURE_NO_WARNINGS. See online help for details.
D:\FACULTATE\Anul II CSIE\Sem I\POO\Proiect individual\Proiect individual\Proiect individual\Etapa3.cpp(1370,4): warning C4996: 'strcpy': This function or variable may be unsafe. Consider using strcpy_s instead. To disable deprecation, use _CRT_SECURE_NO_WARNINGS. See online help for details.
D:\FACULTATE\Anul II CSIE\Sem I\POO\Proiect individual\Proiect individual\Proiect individual\Etapa3.cpp(1375,4): warning C4996: 'strcpy': This function or variable may be unsafe. Consider using strcpy_s instead. To disable deprecation, use _CRT_SECURE_NO_WARNINGS. See online help for details.
D:\FACULTATE\Anul II CSIE\Sem I\POO\Proiect individual\Proiect individual\Proiect individual\Etapa3.cpp(1461,3): warning C4996: 'strcpy': This function or variable may be unsafe. Consider using strcpy_s instead. To disable deprecation, use _CRT_SECURE_NO_WARNINGS. See online help for details.
D:\FACULTATE\Anul II CSIE\Sem I\POO\Proiect individual\Proiect individual\Proiect individual\Etapa3.cpp(1468,4): warning C4996: 'strcpy': This function or variable may be unsafe. Consider using strcpy_s instead. To disable deprecation, use _CRT_SECURE_NO_WARNINGS. See online help for details.
D:\FACULTATE\Anul II CSIE\Sem I\POO\Proiect individual\Proiect individual\Proiect individual\Etapa3.cpp(1472,4): warning C4996: 'strcpy': This function or variable may be unsafe. Consider using strcpy_s instead. To disable deprecation, use _CRT_SECURE_NO_WARNINGS. See online help for details.
D:\FACULTATE\Anul II CSIE\Sem I\POO\Proiect individual\Proiect individual\Proiect individual\Etapa3.cpp(1511,4): warning C4996: 'strcpy': This function or variable may be unsafe. Consider using strcpy_s instead. To disable deprecation, use _CRT_SECURE_NO_WARNINGS. See online help for details.
D:\FACULTATE\Anul II CSIE\Sem I\POO\Proiect individual\Proiect individual\Proiect individual\Etapa3.cpp(1515,4): warning C4996: 'strcpy': This function or variable may be unsafe. Consider using strcpy_s instead. To disable deprecation, use _CRT_SECURE_NO_WARNINGS. See online help for details.
D:\FACULTATE\Anul II CSIE\Sem I\POO\Proiect individual\Proiect individual\Proiect individual\Etapa3.cpp(1558,5): warning C4996: 'strcpy': This function or variable may be unsafe. Consider using strcpy_s instead. To disable deprecation, use _CRT_SECURE_NO_WARNINGS. See online help for details.
D:\FACULTATE\Anul II CSIE\Sem I\POO\Proiect individual\Proiect individual\Proiect individual\Etapa3.cpp(1562,5): warning C4996: 'strcpy': This function or variable may be unsafe. Consider using strcpy_s instead. To disable deprecation, use _CRT_SECURE_NO_WARNINGS. See online help for details.
D:\FACULTATE\Anul II CSIE\Sem I\POO\Proiect individual\Proiect individual\Proiect individual\Etapa3.cpp(1667,31): warning C4244: 'return': conversion from 'int' to 'float', possible loss of data
D:\FACULTATE\Anul II CSIE\Sem I\POO\Proiect individual\Proiect individual\Proiect individual\Etapa3.cpp(1914,4): warning C4996: 'strcpy': This function or variable may be unsafe. Consider using strcpy_s instead. To disable deprecation, use _CRT_SECURE_NO_WARNINGS. See online help for details.
D:\FACULTATE\Anul II CSIE\Sem I\POO\Proiect individual\Proiect individual\Proiect individual\Etapa3.cpp(1918,4): warning C4996: 'strcpy': This function or variable may be unsafe. Consider using strcpy_s instead. To disable deprecation, use _CRT_SECURE_NO_WARNINGS. See online help for details.
D:\FACULTATE\Anul II CSIE\Sem I\POO\Proiect individual\Proiect individual\Proiect individual\Etapa3.cpp(2002,3): warning C4996: 'strcpy': This function or variable may be unsafe. Consider using strcpy_s instead. To disable deprecation, use _CRT_SECURE_NO_WARNINGS. See online help for details.
D:\FACULTATE\Anul II CSIE\Sem I\POO\Proiect individual\Proiect individual\Proiect individual\Etapa3.cpp(2009,4): warning C4996: 'strcpy': This function or variable may be unsafe. Consider using strcpy_s instead. To disable deprecation, use _CRT_SECURE_NO_WARNINGS. See online help for details.
D:\FACULTATE\Anul II CSIE\Sem I\POO\Proiect individual\Proiect individual\Proiect individual\Etapa3.cpp(2013,4): warning C4996: 'strcpy': This function or variable may be unsafe. Consider using strcpy_s instead. To disable deprecation, use _CRT_SECURE_NO_WARNINGS. See online help for details.
D:\FACULTATE\Anul II CSIE\Sem I\POO\Proiect individual\Proiect individual\Proiect individual\Etapa3.cpp(2048,4): warning C4996: 'strcpy': This function or variable may be unsafe. Consider using strcpy_s instead. To disable deprecation, use _CRT_SECURE_NO_WARNINGS. See online help for details.
D:\FACULTATE\Anul II CSIE\Sem I\POO\Proiect individual\Proiect individual\Proiect individual\Etapa3.cpp(2052,4): warning C4996: 'strcpy': This function or variable may be unsafe. Consider using strcpy_s instead. To disable deprecation, use _CRT_SECURE_NO_WARNINGS. See online help for details.
D:\FACULTATE\Anul II CSIE\Sem I\POO\Proiect individual\Proiect individual\Proiect individual\Etapa3.cpp(2090,5): warning C4996: 'strcpy': This function or variable may be unsafe. Consider using strcpy_s instead. To disable deprecation, use _CRT_SECURE_NO_WARNINGS. See online help for details.
D:\FACULTATE\Anul II CSIE\Sem I\POO\Proiect individual\Proiect individual\Proiect individual\Etapa3.cpp(2094,5): warning C4996: 'strcpy': This function or variable may be unsafe. Consider using strcpy_s instead. To disable deprecation, use _CRT_SECURE_NO_WARNINGS. See online help for details.
D:\FACULTATE\Anul II CSIE\Sem I\POO\Proiect individual\Proiect individual\Proiect individual\Etapa3.cpp(2236,21): warning C4244: 'argument': conversion from 'float' to 'int', possible loss of data
D:\FACULTATE\Anul II CSIE\Sem I\POO\Proiect individual\Proiect individual\Proiect individual\Etapa3.cpp(3014,16): warning C4129: 'D': unrecognized character escape sequence
D:\FACULTATE\Anul II CSIE\Sem I\POO\Proiect individual\Proiect individual\Proiect individual\Etapa3.cpp(3200,16): warning C4129: 'S': unrecognized character escape sequence
D:\FACULTATE\Anul II CSIE\Sem I\POO\Proiect individual\Proiect individual\Proiect individual\Etapa3.cpp(3211,16): warning C4129: 'I': unrecognized character escape sequence
D:\FACULTATE\Anul II CSIE\Sem I\POO\Proiect individual\Proiect individual\Proiect individual\Etapa3.cpp(3212,16): warning C4129: 'P': unrecognized character escape sequence
D:\FACULTATE\Anul II CSIE\Sem I\POO\Proiect individual\Proiect individual\Proiect individual\Etapa3.cpp(3385,16): warning C4129: 'S': unrecognized character escape sequence
  Proiect individual.vcxproj -> D:\FACULTATE\Anul II CSIE\Sem I\POO\Proiect individual\Proiect individual\Debug\Proiect individual.exe
